h:\csce441a3\build\debug\a03.ilk
h:\csce441a3\build\debug\a03.exe
h:\csce441a3\build\debug\a03.pdb
h:\csce441a3\build\a03.dir\debug\vc140.pdb
h:\csce441a3\build\a03.dir\debug\main.obj
h:\csce441a3\build\a03.dir\debug\shape.obj
h:\csce441a3\build\a03.dir\debug\program.obj
h:\csce441a3\build\a03.dir\debug\matrixstack.obj
h:\csce441a3\build\a03.dir\debug\glsl.obj
h:\csce441a3\build\a03.dir\debug\camera.obj
h:\csce441a3\build\a03.dir\debug\light.obj
h:\csce441a3\build\a03.dir\debug\material.obj
h:\csce441a3\build\cmakefiles\generate.stamp
h:\csce441a3\build\a03.dir\debug\a03.vcxprojresolveassemblyreference.cache
h:\csce441a3\build\a03.dir\debug\a03.tlog\cl.command.1.tlog
h:\csce441a3\build\a03.dir\debug\a03.tlog\link.read.1.tlog
h:\csce441a3\build\a03.dir\debug\a03.tlog\cl.read.1.tlog
h:\csce441a3\build\a03.dir\debug\a03.tlog\link.write.1.tlog
h:\csce441a3\build\a03.dir\debug\a03.tlog\cl.write.1.tlog
h:\csce441a3\build\a03.dir\debug\a03.tlog\custombuild.write.1.tlog
h:\csce441a3\build\a03.dir\debug\a03.tlog\link.command.1.tlog
h:\csce441a3\build\a03.dir\debug\a03.tlog\custombuild.command.1.tlog
h:\csce441a3\build\a03.dir\debug\a03.tlog\custombuild.read.1.tlog
