h:\csce441a5\build\a5.dir\debug\vc140.pdb
h:\csce441a5\build\a5.dir\debug\main.obj
h:\csce441a5\build\a5.dir\debug\shape.obj
h:\csce441a5\build\a5.dir\debug\program.obj
h:\csce441a5\build\a5.dir\debug\matrixstack.obj
h:\csce441a5\build\a5.dir\debug\material.obj
h:\csce441a5\build\a5.dir\debug\glsl.obj
h:\csce441a5\build\a5.dir\debug\curve.obj
h:\csce441a5\build\a5.dir\debug\camera.obj
h:\csce441a5\build\debug\a5.ilk
h:\csce441a5\build\debug\a5.exe
h:\csce441a5\build\debug\a5.pdb
h:\csce441a5\build\cmakefiles\generate.stamp
h:\csce441a5\build\a5.dir\debug\a5.vcxprojresolveassemblyreference.cache
h:\csce441a5\build\a5.dir\debug\a5.tlog\link.command.1.tlog
h:\csce441a5\build\a5.dir\debug\a5.tlog\cl.write.1.tlog
h:\csce441a5\build\a5.dir\debug\a5.tlog\cl.command.1.tlog
h:\csce441a5\build\a5.dir\debug\a5.tlog\link.read.1.tlog
h:\csce441a5\build\a5.dir\debug\a5.tlog\cl.read.1.tlog
h:\csce441a5\build\a5.dir\debug\a5.tlog\link.write.1.tlog
h:\csce441a5\build\a5.dir\debug\a5.tlog\custombuild.write.1.tlog
h:\csce441a5\build\a5.dir\debug\a5.tlog\custombuild.read.1.tlog
h:\csce441a5\build\a5.dir\debug\a5.tlog\custombuild.command.1.tlog
