h:\csce441\build\debug\a02.ilk
h:\csce441\build\debug\a02.exe
h:\csce441\build\debug\a02.pdb
h:\csce441\build\cmakefiles\generate.stamp
h:\csce441\build\a02.dir\debug\vc140.pdb
h:\csce441\build\a02.dir\debug\main.obj
h:\csce441\build\a02.dir\debug\shape.obj
h:\csce441\build\a02.dir\debug\program.obj
h:\csce441\build\a02.dir\debug\matrixstack.obj
h:\csce441\build\a02.dir\debug\glsl.obj
h:\csce441\build\a02.dir\debug\component.obj
h:\csce441\build\a02.dir\debug\a02.vcxprojresolveassemblyreference.cache
h:\csce441\build\a02.dir\debug\a02.tlog\link.write.1.tlog
h:\csce441\build\a02.dir\debug\a02.tlog\link.read.1.tlog
h:\csce441\build\a02.dir\debug\a02.tlog\custombuild.write.1.tlog
h:\csce441\build\a02.dir\debug\a02.tlog\custombuild.command.1.tlog
h:\csce441\build\a02.dir\debug\a02.tlog\link.command.1.tlog
h:\csce441\build\a02.dir\debug\a02.tlog\cl.read.1.tlog
h:\csce441\build\a02.dir\debug\a02.tlog\cl.write.1.tlog
h:\csce441\build\a02.dir\debug\a02.tlog\custombuild.read.1.tlog
h:\csce441\build\a02.dir\debug\a02.tlog\cl.command.1.tlog
