  Checking Build System
  CMake is re-running because generate.stamp.list is missing.
  -- Building for: Visual Studio 14 2015
  -- Selecting Windows SDK version  to target Windows 10.0.14393.
  -- The C compiler identification is MSVC 19.0.24215.1
  -- The CXX compiler identification is MSVC 19.0.24215.1
  -- Check for working C compiler: C:/Program Files (x86)/Microsoft Visual Studio 14.0/VC/bin/cl.exe
  -- Check for working C compiler: C:/Program Files (x86)/Microsoft Visual Studio 14.0/VC/bin/cl.exe -- works
  -- Detecting C compiler ABI info
  -- Detecting C compiler ABI info - done
  -- Check for working CXX compiler: C:/Program Files (x86)/Microsoft Visual Studio 14.0/VC/bin/cl.exe
  -- Check for working CXX compiler: C:/Program Files (x86)/Microsoft Visual Studio 14.0/VC/bin/cl.exe -- works
  -- Detecting CXX compiler ABI info
  -- Detecting CXX compiler ABI info - done
  -- Detecting CXX compile features
  -- Detecting CXX compile features - done
  -- Looking for pthread.h
  -- Looking for pthread.h - not found
  -- Found Threads: TRUE  
  -- Could NOT find Vulkan (missing: VULKAN_LIBRARY VULKAN_INCLUDE_DIR) 
  -- Using Win32 for window creation
  -- Configuring done
  -- Generating done
  -- Build files have been written to: H:/CSCE441A5/build
