h:\csce441a4\build\cmakefiles\generate.stamp
h:\csce441a4\build\a04.dir\debug\vc140.pdb
h:\csce441a4\build\a04.dir\debug\main.obj
h:\csce441a4\build\a04.dir\debug\texture.obj
h:\csce441a4\build\a04.dir\debug\shape.obj
h:\csce441a4\build\a04.dir\debug\program.obj
h:\csce441a4\build\a04.dir\debug\object.obj
h:\csce441a4\build\a04.dir\debug\matrixstack.obj
h:\csce441a4\build\a04.dir\debug\material.obj
h:\csce441a4\build\a04.dir\debug\light.obj
h:\csce441a4\build\a04.dir\debug\glsl.obj
h:\csce441a4\build\a04.dir\debug\freelook.obj
h:\csce441a4\build\a04.dir\debug\camera.obj
h:\csce441a4\build\debug\a04.ilk
h:\csce441a4\build\debug\a04.exe
h:\csce441a4\build\debug\a04.pdb
h:\csce441a4\build\a04.dir\debug\a04.tlog\cl.command.1.tlog
h:\csce441a4\build\a04.dir\debug\a04.tlog\custombuild.write.1.tlog
h:\csce441a4\build\a04.dir\debug\a04.tlog\link.command.1.tlog
h:\csce441a4\build\a04.dir\debug\a04.tlog\cl.write.1.tlog
h:\csce441a4\build\a04.dir\debug\a04.tlog\custombuild.read.1.tlog
h:\csce441a4\build\a04.dir\debug\a04.tlog\cl.read.1.tlog
h:\csce441a4\build\a04.dir\debug\a04.tlog\custombuild.command.1.tlog
h:\csce441a4\build\a04.dir\debug\a04.tlog\link.read.1.tlog
h:\csce441a4\build\a04.dir\debug\a04.tlog\link.write.1.tlog
