h:\csce441a6\build\debug\a6.ilk
h:\csce441a6\build\debug\a6.exe
h:\csce441a6\build\debug\a6.pdb
h:\csce441a6\build\a6.dir\debug\vc140.pdb
h:\csce441a6\build\a6.dir\debug\main.obj
h:\csce441a6\build\a6.dir\debug\shapeskin.obj
h:\csce441a6\build\a6.dir\debug\program.obj
h:\csce441a6\build\a6.dir\debug\matrixstack.obj
h:\csce441a6\build\a6.dir\debug\material.obj
h:\csce441a6\build\a6.dir\debug\glsl.obj
h:\csce441a6\build\a6.dir\debug\camera.obj
h:\csce441a6\build\cmakefiles\generate.stamp
h:\csce441a6\build\a6.dir\debug\a6.tlog\link.command.1.tlog
h:\csce441a6\build\a6.dir\debug\a6.tlog\link.write.1.tlog
h:\csce441a6\build\a6.dir\debug\a6.tlog\cl.write.1.tlog
h:\csce441a6\build\a6.dir\debug\a6.tlog\custombuild.command.1.tlog
h:\csce441a6\build\a6.dir\debug\a6.tlog\custombuild.write.1.tlog
h:\csce441a6\build\a6.dir\debug\a6.tlog\link.read.1.tlog
h:\csce441a6\build\a6.dir\debug\a6.tlog\custombuild.read.1.tlog
h:\csce441a6\build\a6.dir\debug\a6.tlog\cl.command.1.tlog
h:\csce441a6\build\a6.dir\debug\a6.tlog\cl.read.1.tlog
